-------------------------------------------------------------------------------
Test set: com.sayraozden.game.service.StonGameControllerTest
-------------------------------------------------------------------------------
Tests run: 2, Failures: 0, Errors: 1, Skipped: 0, Time elapsed: 2.699 sec <<< FAILURE! - in com.sayraozden.game.service.StonGameControllerTest
playStoneGameContainsJSON(com.sayraozden.game.service.StonGameControllerTest)  Time elapsed: 0.109 sec  <<< ERROR!
com.fasterxml.jackson.databind.JsonMappingException: (was java.lang.NullPointerException) (through reference chain: com.sayraozden.game.stone.StoneGame["nextPlayerID"])
	at com.sayraozden.game.stone.StoneGame.getNextPlayerID(StoneGame.java:48)
	at sun.reflect.NativeMethodAccessorImpl.invoke0(Native Method)
	at sun.reflect.NativeMethodAccessorImpl.invoke(NativeMethodAccessorImpl.java:62)
	at sun.reflect.DelegatingMethodAccessorImpl.invoke(DelegatingMethodAccessorImpl.java:43)
	at java.lang.reflect.Method.invoke(Method.java:498)
	at com.fasterxml.jackson.databind.ser.BeanPropertyWriter.serializeAsField(BeanPropertyWriter.java:664)
	at com.fasterxml.jackson.databind.ser.std.BeanSerializerBase.serializeFields(BeanSerializerBase.java:690)
	at com.fasterxml.jackson.databind.ser.BeanSerializer.serialize(BeanSerializer.java:155)
	at com.fasterxml.jackson.databind.ser.DefaultSerializerProvider.serializeValue(DefaultSerializerProvider.java:292)
	at com.fasterxml.jackson.databind.ObjectMapper._configAndWriteValue(ObjectMapper.java:3681)
	at com.fasterxml.jackson.databind.ObjectMapper.writeValueAsString(ObjectMapper.java:3057)
	at com.sayraozden.game.service.StonGameControllerTest.playStoneGameContainsJSON(StonGameControllerTest.java:51)

