<?xml version="1.0" encoding="UTF-8"?>
<testsuite name="com.sayraozden.game.service.StonGameControllerTest" time="0.189" tests="2" errors="1" skipped="0" failures="0">
  <properties>
[...]
</properties>
  <testcase name="playStoneGameContainsJSON" classname="com.sayraozden.game.service.StonGameControllerTest" time="0.109">
    <error message="(was java.lang.NullPointerException) (through reference chain: com.sayraozden.game.stone.StoneGame[&quot;nextPlayerID&quot;])" type="com.fasterxml.jackson.databind.JsonMappingException">com.fasterxml.jackson.databind.JsonMappingException: (was java.lang.NullPointerException) (through reference chain: com.sayraozden.game.stone.StoneGame["nextPlayerID"])
	at com.sayraozden.game.stone.StoneGame.getNextPlayerID(StoneGame.java:48)
	at sun.reflect.NativeMethodAccessorImpl.invoke0(Native Method)
	at sun.reflect.NativeMethodAccessorImpl.invoke(NativeMethodAccessorImpl.java:62)
	at sun.reflect.DelegatingMethodAccessorImpl.invoke(DelegatingMethodAccessorImpl.java:43)
	at java.lang.reflect.Method.invoke(Method.java:498)
	at com.fasterxml.jackson.databind.ser.BeanPropertyWriter.serializeAsField(BeanPropertyWriter.java:664)
	at com.fasterxml.jackson.databind.ser.std.BeanSerializerBase.serializeFields(BeanSerializerBase.java:690)
	at com.fasterxml.jackson.databind.ser.BeanSerializer.serialize(BeanSerializer.java:155)
	at com.fasterxml.jackson.databind.ser.DefaultSerializerProvider.serializeValue(DefaultSerializerProvider.java:292)
	at com.fasterxml.jackson.databind.ObjectMapper._configAndWriteValue(ObjectMapper.java:3681)
	at com.fasterxml.jackson.databind.ObjectMapper.writeValueAsString(ObjectMapper.java:3057)
	at com.sayraozden.game.service.StonGameControllerTest.playStoneGameContainsJSON(StonGameControllerTest.java:51)
</error>
    <system-out><![CDATA[23:32:57.935 [main] DEBUG org.springframework.test.context.junit4.SpringJUnit4ClassRunner - SpringJUnit4ClassRunner constructor called with [class com.sayraozden.game.service.StonGameControllerTest]
23:32:57.955 [main] DEBUG org.springframework.test.context.BootstrapUtils - Instantiating CacheAwareContextLoaderDelegate from class [org.springframework.test.context.cache.DefaultCacheAwareContextLoaderDelegate]
23:32:57.969 [main] DEBUG org.springframework.test.context.BootstrapUtils - Instantiating BootstrapContext using constructor [public org.springframework.test.context.support.DefaultBootstrapContext(java.lang.Class,org.springframework.test.context.CacheAwareContextLoaderDelegate)]
23:32:58.099 [main] DEBUG org.springframework.test.context.BootstrapUtils - Instantiating TestContextBootstrapper for test class [com.sayraozden.game.service.StonGameControllerTest] from class [org.springframework.boot.test.autoconfigure.web.servlet.WebMvcTestContextBootstrapper]
23:32:58.138 [main] INFO org.springframework.boot.test.autoconfigure.web.servlet.WebMvcTestContextBootstrapper - Neither @ContextConfiguration nor @ContextHierarchy found for test class [com.sayraozden.game.service.StonGameControllerTest], using SpringBootContextLoader
23:32:58.144 [main] DEBUG org.springframework.test.context.support.AbstractContextLoader - Did not detect default resource location for test class [com.sayraozden.game.service.StonGameControllerTest]: class path resource [com/sayraozden/game/service/StonGameControllerTest-context.xml] does not exist
23:32:58.145 [main] DEBUG org.springframework.test.context.support.AbstractContextLoader - Did not detect default resource location for test class [com.sayraozden.game.service.StonGameControllerTest]: class path resource [com/sayraozden/game/service/StonGameControllerTestContext.groovy] does not exist
23:32:58.145 [main] INFO org.springframework.test.context.support.AbstractContextLoader - Could not detect default resource locations for test class [com.sayraozden.game.service.StonGameControllerTest]: no resource found for suffixes {-context.xml, Context.groovy}.
23:32:58.146 [main] INFO org.springframework.test.context.support.AnnotationConfigContextLoaderUtils - Could not detect default configuration classes for test class [com.sayraozden.game.service.StonGameControllerTest]: StonGameControllerTest does not declare any static, non-private, non-final, nested classes annotated with @Configuration.
23:32:58.244 [main] DEBUG org.springframework.test.context.support.ActiveProfilesUtils - Could not find an 'annotation declaring class' for annotation type [org.springframework.test.context.ActiveProfiles] and class [com.sayraozden.game.service.StonGameControllerTest]
23:32:58.255 [main] DEBUG org.springframework.core.env.StandardEnvironment - Adding [systemProperties] PropertySource with lowest search precedence
23:32:58.257 [main] DEBUG org.springframework.core.env.StandardEnvironment - Adding [systemEnvironment] PropertySource with lowest search precedence
23:32:58.257 [main] DEBUG org.springframework.core.env.StandardEnvironment - Initialized StandardEnvironment with PropertySources [systemProperties,systemEnvironment]
23:32:58.269 [main] DEBUG org.springframework.core.io.support.PathMatchingResourcePatternResolver - Resolved classpath location [com/sayraozden/game/service/] to resources [URL [file:/Users/sayra/workplace/java-stone-board-game/game-service/target/test-classes/com/sayraozden/game/service/], URL [file:/Users/sayra/workplace/java-stone-board-game/game-service/target/classes/com/sayraozden/game/service/]]
23:32:58.270 [main] DEBUG org.springframework.core.io.support.PathMatchingResourcePatternResolver - Looking for matching resources in directory tree [/Users/sayra/workplace/java-stone-board-game/game-service/target/test-classes/com/sayraozden/game/service]
23:32:58.270 [main] DEBUG org.springframework.core.io.support.PathMatchingResourcePatternResolver - Searching directory [/Users/sayra/workplace/java-stone-board-game/game-service/target/test-classes/com/sayraozden/game/service] for files matching pattern [/Users/sayra/workplace/java-stone-board-game/game-service/target/test-classes/com/sayraozden/game/service/*.class]
23:32:58.274 [main] DEBUG org.springframework.core.io.support.PathMatchingResourcePatternResolver - Looking for matching resources in directory tree [/Users/sayra/workplace/java-stone-board-game/game-service/target/classes/com/sayraozden/game/service]
23:32:58.274 [main] DEBUG org.springframework.core.io.support.PathMatchingResourcePatternResolver - Searching directory [/Users/sayra/workplace/java-stone-board-game/game-service/target/classes/com/sayraozden/game/service] for files matching pattern [/Users/sayra/workplace/java-stone-board-game/game-service/target/classes/com/sayraozden/game/service/*.class]
23:32:58.275 [main] DEBUG org.springframework.core.io.support.PathMatchingResourcePatternResolver - Resolved location pattern [classpath*:com/sayraozden/game/service/*.class] to resources [file [/Users/sayra/workplace/java-stone-board-game/game-service/target/test-classes/com/sayraozden/game/service/ApplicationTest.class], file [/Users/sayra/workplace/java-stone-board-game/game-service/target/test-classes/com/sayraozden/game/service/StonGameControllerTest.class], file [/Users/sayra/workplace/java-stone-board-game/game-service/target/classes/com/sayraozden/game/service/Application.class], file [/Users/sayra/workplace/java-stone-board-game/game-service/target/classes/com/sayraozden/game/service/SampleResponse.class], file [/Users/sayra/workplace/java-stone-board-game/game-service/target/classes/com/sayraozden/game/service/StoneGameController.class]]
23:32:58.327 [main] DEBUG org.springframework.context.annotation.ClassPathScanningCandidateComponentProvider - Identified candidate component class: file [/Users/sayra/workplace/java-stone-board-game/game-service/target/classes/com/sayraozden/game/service/Application.class]
23:32:58.345 [main] INFO org.springframework.boot.test.context.SpringBootTestContextBootstrapper - Found @SpringBootConfiguration com.sayraozden.game.service.Application for test class com.sayraozden.game.service.StonGameControllerTest
23:32:58.350 [main] DEBUG org.springframework.boot.test.autoconfigure.web.servlet.WebMvcTestContextBootstrapper - @TestExecutionListeners is not present for class [com.sayraozden.game.service.StonGameControllerTest]: using defaults.
23:32:58.356 [main] INFO org.springframework.boot.test.autoconfigure.web.servlet.WebMvcTestContextBootstrapper - Loaded default TestExecutionListener class names from location [META-INF/spring.factories]: [org.springframework.boot.test.mock.mockito.MockitoTestExecutionListener, org.springframework.boot.test.mock.mockito.ResetMocksTestExecutionListener, org.springframework.boot.test.autoconfigure.restdocs.RestDocsTestExecutionListener, org.springframework.boot.test.autoconfigure.web.client.MockRestServiceServerResetTestExecutionListener, org.springframework.boot.test.autoconfigure.web.servlet.MockMvcPrintOnlyOnFailureTestExecutionListener, org.springframework.boot.test.autoconfigure.web.servlet.WebDriverTestExecutionListener, org.springframework.test.context.web.ServletTestExecutionListener, org.springframework.test.context.support.DirtiesContextBeforeModesTestExecutionListener, org.springframework.test.context.support.DependencyInjectionTestExecutionListener, org.springframework.test.context.support.DirtiesContextTestExecutionListener, org.springframework.test.context.transaction.TransactionalTestExecutionListener, org.springframework.test.context.jdbc.SqlScriptsTestExecutionListener]
23:32:58.373 [main] INFO org.springframework.boot.test.autoconfigure.web.servlet.WebMvcTestContextBootstrapper - Could not instantiate TestExecutionListener [org.springframework.test.context.jdbc.SqlScriptsTestExecutionListener]. Specify custom listener classes or make the default listener classes (and their required dependencies) available. Offending class: [org/springframework/transaction/interceptor/TransactionAttribute]
23:32:58.373 [main] INFO org.springframework.boot.test.autoconfigure.web.servlet.WebMvcTestContextBootstrapper - Could not instantiate TestExecutionListener [org.springframework.test.context.transaction.TransactionalTestExecutionListener]. Specify custom listener classes or make the default listener classes (and their required dependencies) available. Offending class: [org/springframework/transaction/interceptor/TransactionAttributeSource]
23:32:58.374 [main] INFO org.springframework.boot.test.autoconfigure.web.servlet.WebMvcTestContextBootstrapper - Using TestExecutionListeners: [org.springframework.test.context.web.ServletTestExecutionListener@2ed0fbae, org.springframework.test.context.support.DirtiesContextBeforeModesTestExecutionListener@212bf671, org.springframework.boot.test.autoconfigure.SpringBootDependencyInjectionTestExecutionListener@14a2f921, org.springframework.test.context.support.DirtiesContextTestExecutionListener@3c87521, org.springframework.boot.test.mock.mockito.MockitoTestExecutionListener@2aece37d, org.springframework.boot.test.autoconfigure.web.servlet.MockMvcPrintOnlyOnFailureTestExecutionListener@548a102f, org.springframework.boot.test.autoconfigure.restdocs.RestDocsTestExecutionListener@5762806e, org.springframework.boot.test.autoconfigure.web.servlet.WebDriverTestExecutionListener@17c386de, org.springframework.boot.test.autoconfigure.web.client.MockRestServiceServerResetTestExecutionListener@5af97850, org.springframework.boot.test.mock.mockito.ResetMocksTestExecutionListener@5ef60048]
23:32:58.377 [main] DEBUG org.springframework.test.annotation.ProfileValueUtils - Retrieved @ProfileValueSourceConfiguration [null] for test class [com.sayraozden.game.service.StonGameControllerTest]
23:32:58.377 [main] DEBUG org.springframework.test.annotation.ProfileValueUtils - Retrieved ProfileValueSource type [class org.springframework.test.annotation.SystemProfileValueSource] for class [com.sayraozden.game.service.StonGameControllerTest]
23:32:58.382 [main] DEBUG org.springframework.test.context.junit4.SpringJUnit4ClassRunner - SpringJUnit4ClassRunner constructor called with [class com.sayraozden.game.service.StonGameControllerTest]
23:32:58.382 [main] DEBUG org.springframework.test.context.BootstrapUtils - Instantiating CacheAwareContextLoaderDelegate from class [org.springframework.test.context.cache.DefaultCacheAwareContextLoaderDelegate]
23:32:58.382 [main] DEBUG org.springframework.test.context.BootstrapUtils - Instantiating BootstrapContext using constructor [public org.springframework.test.context.support.DefaultBootstrapContext(java.lang.Class,org.springframework.test.context.CacheAwareContextLoaderDelegate)]
23:32:58.382 [main] DEBUG org.springframework.test.context.BootstrapUtils - Instantiating TestContextBootstrapper for test class [com.sayraozden.game.service.StonGameControllerTest] from class [org.springframework.boot.test.autoconfigure.web.servlet.WebMvcTestContextBootstrapper]
23:32:58.384 [main] INFO org.springframework.boot.test.autoconfigure.web.servlet.WebMvcTestContextBootstrapper - Neither @ContextConfiguration nor @ContextHierarchy found for test class [com.sayraozden.game.service.StonGameControllerTest], using SpringBootContextLoader
23:32:58.384 [main] DEBUG org.springframework.test.context.support.AbstractContextLoader - Did not detect default resource location for test class [com.sayraozden.game.service.StonGameControllerTest]: class path resource [com/sayraozden/game/service/StonGameControllerTest-context.xml] does not exist
23:32:58.385 [main] DEBUG org.springframework.test.context.support.AbstractContextLoader - Did not detect default resource location for test class [com.sayraozden.game.service.StonGameControllerTest]: class path resource [com/sayraozden/game/service/StonGameControllerTestContext.groovy] does not exist
23:32:58.385 [main] INFO org.springframework.test.context.support.AbstractContextLoader - Could not detect default resource locations for test class [com.sayraozden.game.service.StonGameControllerTest]: no resource found for suffixes {-context.xml, Context.groovy}.
23:32:58.385 [main] INFO org.springframework.test.context.support.AnnotationConfigContextLoaderUtils - Could not detect default configuration classes for test class [com.sayraozden.game.service.StonGameControllerTest]: StonGameControllerTest does not declare any static, non-private, non-final, nested classes annotated with @Configuration.
23:32:58.406 [main] DEBUG org.springframework.test.context.support.ActiveProfilesUtils - Could not find an 'annotation declaring class' for annotation type [org.springframework.test.context.ActiveProfiles] and class [com.sayraozden.game.service.StonGameControllerTest]
23:32:58.407 [main] DEBUG org.springframework.core.env.StandardEnvironment - Adding [systemProperties] PropertySource with lowest search precedence
23:32:58.407 [main] DEBUG org.springframework.core.env.StandardEnvironment - Adding [systemEnvironment] PropertySource with lowest search precedence
23:32:58.407 [main] DEBUG org.springframework.core.env.StandardEnvironment - Initialized StandardEnvironment with PropertySources [systemProperties,systemEnvironment]
23:32:58.407 [main] INFO org.springframework.boot.test.context.SpringBootTestContextBootstrapper - Found @SpringBootConfiguration com.sayraozden.game.service.Application for test class com.sayraozden.game.service.StonGameControllerTest
23:32:58.415 [main] DEBUG org.springframework.boot.test.autoconfigure.web.servlet.WebMvcTestContextBootstrapper - @TestExecutionListeners is not present for class [com.sayraozden.game.service.StonGameControllerTest]: using defaults.
23:32:58.419 [main] INFO org.springframework.boot.test.autoconfigure.web.servlet.WebMvcTestContextBootstrapper - Loaded default TestExecutionListener class names from location [META-INF/spring.factories]: [org.springframework.boot.test.mock.mockito.MockitoTestExecutionListener, org.springframework.boot.test.mock.mockito.ResetMocksTestExecutionListener, org.springframework.boot.test.autoconfigure.restdocs.RestDocsTestExecutionListener, org.springframework.boot.test.autoconfigure.web.client.MockRestServiceServerResetTestExecutionListener, org.springframework.boot.test.autoconfigure.web.servlet.MockMvcPrintOnlyOnFailureTestExecutionListener, org.springframework.boot.test.autoconfigure.web.servlet.WebDriverTestExecutionListener, org.springframework.test.context.web.ServletTestExecutionListener, org.springframework.test.context.support.DirtiesContextBeforeModesTestExecutionListener, org.springframework.test.context.support.DependencyInjectionTestExecutionListener, org.springframework.test.context.support.DirtiesContextTestExecutionListener, org.springframework.test.context.transaction.TransactionalTestExecutionListener, org.springframework.test.context.jdbc.SqlScriptsTestExecutionListener]
23:32:58.428 [main] INFO org.springframework.boot.test.autoconfigure.web.servlet.WebMvcTestContextBootstrapper - Could not instantiate TestExecutionListener [org.springframework.test.context.jdbc.SqlScriptsTestExecutionListener]. Specify custom listener classes or make the default listener classes (and their required dependencies) available. Offending class: [org/springframework/transaction/interceptor/TransactionAttribute]
23:32:58.429 [main] INFO org.springframework.boot.test.autoconfigure.web.servlet.WebMvcTestContextBootstrapper - Could not instantiate TestExecutionListener [org.springframework.test.context.transaction.TransactionalTestExecutionListener]. Specify custom listener classes or make the default listener classes (and their required dependencies) available. Offending class: [org/springframework/transaction/interceptor/TransactionAttributeSource]
23:32:58.429 [main] INFO org.springframework.boot.test.autoconfigure.web.servlet.WebMvcTestContextBootstrapper - Using TestExecutionListeners: [org.springframework.test.context.web.ServletTestExecutionListener@309e345f, org.springframework.test.context.support.DirtiesContextBeforeModesTestExecutionListener@56a6d5a6, org.springframework.boot.test.autoconfigure.SpringBootDependencyInjectionTestExecutionListener@18ce0030, org.springframework.test.context.support.DirtiesContextTestExecutionListener@4445629, org.springframework.boot.test.mock.mockito.MockitoTestExecutionListener@45b9a632, org.springframework.boot.test.autoconfigure.web.servlet.MockMvcPrintOnlyOnFailureTestExecutionListener@25d250c6, org.springframework.boot.test.autoconfigure.restdocs.RestDocsTestExecutionListener@4df50bcc, org.springframework.boot.test.autoconfigure.web.servlet.WebDriverTestExecutionListener@6b26e945, org.springframework.boot.test.autoconfigure.web.client.MockRestServiceServerResetTestExecutionListener@63a65a25, org.springframework.boot.test.mock.mockito.ResetMocksTestExecutionListener@54c562f7]
23:32:58.430 [main] DEBUG org.springframework.test.annotation.ProfileValueUtils - Retrieved @ProfileValueSourceConfiguration [null] for test class [com.sayraozden.game.service.StonGameControllerTest]
23:32:58.430 [main] DEBUG org.springframework.test.annotation.ProfileValueUtils - Retrieved ProfileValueSource type [class org.springframework.test.annotation.SystemProfileValueSource] for class [com.sayraozden.game.service.StonGameControllerTest]
23:32:58.432 [main] DEBUG org.springframework.test.annotation.ProfileValueUtils - Retrieved @ProfileValueSourceConfiguration [null] for test class [com.sayraozden.game.service.StonGameControllerTest]
23:32:58.432 [main] DEBUG org.springframework.test.annotation.ProfileValueUtils - Retrieved ProfileValueSource type [class org.springframework.test.annotation.SystemProfileValueSource] for class [com.sayraozden.game.service.StonGameControllerTest]
23:32:58.437 [main] DEBUG org.springframework.test.context.support.AbstractDirtiesContextTestExecutionListener - Before test class: context [DefaultTestContext@5dd6264 testClass = StonGameControllerTest, testInstance = [null], testMethod = [null], testException = [null], mergedContextConfiguration = [WebMergedContextConfiguration@1ffe63b9 testClass = StonGameControllerTest, locations = '{}', classes = '{class com.sayraozden.game.service.Application}', contextInitializerClasses = '[]', activeProfiles = '{}', propertySourceLocations = '{}', propertySourceProperties = '{org.springframework.boot.test.autoconfigure.web.servlet.WebMvcTestContextBootstrapper=true}', contextCustomizers = set[[ImportsContextCustomizer@51e5fc98 key = [Package Import com.sayraozden.game.service, org.springframework.boot.autoconfigure.cache.CacheAutoConfiguration, org.springframework.boot.autoconfigure.context.MessageSourceAutoConfiguration, org.springframework.boot.autoconfigure.freemarker.FreeMarkerAutoConfiguration, org.springframework.boot.autoconfigure.groovy.template.GroovyTemplateAutoConfiguration, org.springframework.boot.autoconfigure.gson.GsonAutoConfiguration, org.springframework.boot.autoconfigure.hateoas.HypermediaAutoConfiguration, org.springframework.boot.autoconfigure.jackson.JacksonAutoConfiguration, org.springframework.boot.autoconfigure.mustache.MustacheAutoConfiguration, org.springframework.boot.autoconfigure.thymeleaf.ThymeleafAutoConfiguration, org.springframework.boot.autoconfigure.validation.ValidationAutoConfiguration, org.springframework.boot.autoconfigure.web.ErrorMvcAutoConfiguration, org.springframework.boot.autoconfigure.web.HttpMessageConvertersAutoConfiguration, org.springframework.boot.autoconfigure.web.ServerPropertiesAutoConfiguration, org.springframework.boot.autoconfigure.web.WebMvcAutoConfiguration, org.springframework.boot.test.autoconfigure.web.servlet.MockMvcAutoConfiguration, org.springframework.boot.test.autoconfigure.web.servlet.MockMvcSecurityAutoConfiguration, org.springframework.boot.test.autoconfigure.web.servlet.MockMvcWebClientAutoConfiguration, org.springframework.boot.test.autoconfigure.web.servlet.MockMvcWebDriverAutoConfiguration]], org.springframework.boot.test.context.filter.ExcludeFilterContextCustomizer@cb51256, org.springframework.boot.test.json.DuplicateJsonObjectContextCustomizerFactory$DuplicateJsonObjectContextCustomizer@25af5db5, org.springframework.boot.test.mock.mockito.MockitoContextCustomizer@0, org.springframework.boot.test.autoconfigure.OverrideAutoConfigurationContextCustomizerFactory$DisableAutoConfigurationContextCustomizer@ed9d034, org.springframework.boot.test.autoconfigure.filter.TypeExcludeFiltersContextCustomizer@85f2ca0c, org.springframework.boot.test.autoconfigure.properties.PropertyMappingContextCustomizer@b64841c1, org.springframework.boot.test.autoconfigure.web.servlet.WebDriverContextCustomizerFactory$Customizer@4524411f], resourceBasePath = '', contextLoader = 'org.springframework.boot.test.context.SpringBootContextLoader', parent = [null]]], class annotated with @DirtiesContext [false] with mode [null].
23:32:58.439 [main] DEBUG org.springframework.test.annotation.ProfileValueUtils - Retrieved @ProfileValueSourceConfiguration [null] for test class [com.sayraozden.game.service.StonGameControllerTest]
23:32:58.439 [main] DEBUG org.springframework.test.annotation.ProfileValueUtils - Retrieved ProfileValueSource type [class org.springframework.test.annotation.SystemProfileValueSource] for class [com.sayraozden.game.service.StonGameControllerTest]
23:32:58.441 [main] DEBUG org.springframework.test.context.support.DependencyInjectionTestExecutionListener - Performing dependency injection for test context [[DefaultTestContext@5dd6264 testClass = StonGameControllerTest, testInstance = com.sayraozden.game.service.StonGameControllerTest@4313f5bc, testMethod = [null], testException = [null], mergedContextConfiguration = [WebMergedContextConfiguration@1ffe63b9 testClass = StonGameControllerTest, locations = '{}', classes = '{class com.sayraozden.game.service.Application}', contextInitializerClasses = '[]', activeProfiles = '{}', propertySourceLocations = '{}', propertySourceProperties = '{org.springframework.boot.test.autoconfigure.web.servlet.WebMvcTestContextBootstrapper=true}', contextCustomizers = set[[ImportsContextCustomizer@51e5fc98 key = [Package Import com.sayraozden.game.service, org.springframework.boot.autoconfigure.cache.CacheAutoConfiguration, org.springframework.boot.autoconfigure.context.MessageSourceAutoConfiguration, org.springframework.boot.autoconfigure.freemarker.FreeMarkerAutoConfiguration, org.springframework.boot.autoconfigure.groovy.template.GroovyTemplateAutoConfiguration, org.springframework.boot.autoconfigure.gson.GsonAutoConfiguration, org.springframework.boot.autoconfigure.hateoas.HypermediaAutoConfiguration, org.springframework.boot.autoconfigure.jackson.JacksonAutoConfiguration, org.springframework.boot.autoconfigure.mustache.MustacheAutoConfiguration, org.springframework.boot.autoconfigure.thymeleaf.ThymeleafAutoConfiguration, org.springframework.boot.autoconfigure.validation.ValidationAutoConfiguration, org.springframework.boot.autoconfigure.web.ErrorMvcAutoConfiguration, org.springframework.boot.autoconfigure.web.HttpMessageConvertersAutoConfiguration, org.springframework.boot.autoconfigure.web.ServerPropertiesAutoConfiguration, org.springframework.boot.autoconfigure.web.WebMvcAutoConfiguration, org.springframework.boot.test.autoconfigure.web.servlet.MockMvcAutoConfiguration, org.springframework.boot.test.autoconfigure.web.servlet.MockMvcSecurityAutoConfiguration, org.springframework.boot.test.autoconfigure.web.servlet.MockMvcWebClientAutoConfiguration, org.springframework.boot.test.autoconfigure.web.servlet.MockMvcWebDriverAutoConfiguration]], org.springframework.boot.test.context.filter.ExcludeFilterContextCustomizer@cb51256, org.springframework.boot.test.json.DuplicateJsonObjectContextCustomizerFactory$DuplicateJsonObjectContextCustomizer@25af5db5, org.springframework.boot.test.mock.mockito.MockitoContextCustomizer@0, org.springframework.boot.test.autoconfigure.OverrideAutoConfigurationContextCustomizerFactory$DisableAutoConfigurationContextCustomizer@ed9d034, org.springframework.boot.test.autoconfigure.filter.TypeExcludeFiltersContextCustomizer@85f2ca0c, org.springframework.boot.test.autoconfigure.properties.PropertyMappingContextCustomizer@b64841c1, org.springframework.boot.test.autoconfigure.web.servlet.WebDriverContextCustomizerFactory$Customizer@4524411f], resourceBasePath = '', contextLoader = 'org.springframework.boot.test.context.SpringBootContextLoader', parent = [null]]]].
23:32:58.513 [main] DEBUG org.springframework.core.env.StandardEnvironment - Adding [systemProperties] PropertySource with lowest search precedence
23:32:58.514 [main] DEBUG org.springframework.core.env.StandardEnvironment - Adding [systemEnvironment] PropertySource with lowest search precedence
23:32:58.514 [main] DEBUG org.springframework.core.env.StandardEnvironment - Initialized StandardEnvironment with PropertySources [systemProperties,systemEnvironment]
23:32:58.515 [main] DEBUG org.springframework.core.env.MutablePropertySources - Adding [inline] PropertySource with highest search precedence
23:32:58.522 [main] DEBUG org.springframework.test.context.support.TestPropertySourceUtils - Adding inlined properties to environment: {spring.jmx.enabled=false, org.springframework.boot.test.autoconfigure.web.servlet.WebMvcTestContextBootstrapper=true, server.port=-1}
23:32:58.522 [main] DEBUG org.springframework.core.env.StandardEnvironment - Adding [Inlined Test Properties] PropertySource with highest search precedence

  .   ____          _            __ _ _
 /\\ / ___'_ __ _ _(_)_ __  __ _ \ \ \ \
( ( )\___ | '_ | '_| | '_ \/ _` | \ \ \ \
 \\/  ___)| |_)| | | | | || (_| |  ) ) ) )
  '  |____| .__|_| |_|_| |_\__, | / / / /
 =========|_|==============|___/=/_/_/_/
 :: Spring Boot ::        (v1.5.4.RELEASE)

2017-07-15 23:32:59.054  INFO 2781 --- [           main] c.s.game.service.StonGameControllerTest  : Starting StonGameControllerTest on Fuats-iMac.local with PID 2781 (started by sayra in /Users/sayra/workplace/java-stone-board-game/game-service)
2017-07-15 23:32:59.056  INFO 2781 --- [           main] c.s.game.service.StonGameControllerTest  : No active profile set, falling back to default profiles: default
2017-07-15 23:32:59.088  INFO 2781 --- [           main] o.s.w.c.s.GenericWebApplicationContext   : Refreshing org.springframework.web.context.support.GenericWebApplicationContext@6221a451: startup date [Sat Jul 15 23:32:59 CEST 2017]; root of context hierarchy
2017-07-15 23:33:00.503  INFO 2781 --- [           main] s.w.s.m.m.a.RequestMappingHandlerAdapter : Looking for @ControllerAdvice: org.springframework.web.context.support.GenericWebApplicationContext@6221a451: startup date [Sat Jul 15 23:32:59 CEST 2017]; root of context hierarchy
2017-07-15 23:33:00.591  INFO 2781 --- [           main] s.w.s.m.m.a.RequestMappingHandlerMapping : Mapped "{[/stonegame/console],methods=[POST]}" onto public java.lang.String com.sayraozden.game.service.StoneGameController.playStoneGameConsole(org.springframework.ui.Model,javax.servlet.http.HttpServletRequest,javax.servlet.http.HttpSession,com.sayraozden.game.stone.StoneGame,java.lang.Integer)
2017-07-15 23:33:00.592  INFO 2781 --- [           main] s.w.s.m.m.a.RequestMappingHandlerMapping : Mapped "{[/stonegame/play],methods=[POST]}" onto public com.sayraozden.game.stone.StoneGame com.sayraozden.game.service.StoneGameController.playStoneGame(org.springframework.ui.Model,javax.servlet.http.HttpServletRequest,javax.servlet.http.HttpSession,com.sayraozden.game.stone.StoneGame,int)
2017-07-15 23:33:00.594  INFO 2781 --- [           main] s.w.s.m.m.a.RequestMappingHandlerMapping : Mapped "{[/error]}" onto public org.springframework.http.ResponseEntity<java.util.Map<java.lang.String, java.lang.Object>> org.springframework.boot.autoconfigure.web.BasicErrorController.error(javax.servlet.http.HttpServletRequest)
2017-07-15 23:33:00.595  INFO 2781 --- [           main] s.w.s.m.m.a.RequestMappingHandlerMapping : Mapped "{[/error],produces=[text/html]}" onto public org.springframework.web.servlet.ModelAndView org.springframework.boot.autoconfigure.web.BasicErrorController.errorHtml(javax.servlet.http.HttpServletRequest,javax.servlet.http.HttpServletResponse)
2017-07-15 23:33:00.631  INFO 2781 --- [           main] o.s.w.s.handler.SimpleUrlHandlerMapping  : Mapped URL path [/webjars/**] onto handler of type [class org.springframework.web.servlet.resource.ResourceHttpRequestHandler]
2017-07-15 23:33:00.632  INFO 2781 --- [           main] o.s.w.s.handler.SimpleUrlHandlerMapping  : Mapped URL path [/**] onto handler of type [class org.springframework.web.servlet.resource.ResourceHttpRequestHandler]
2017-07-15 23:33:00.676  INFO 2781 --- [           main] o.s.w.s.handler.SimpleUrlHandlerMapping  : Mapped URL path [/**/favicon.ico] onto handler of type [class org.springframework.web.servlet.resource.ResourceHttpRequestHandler]
2017-07-15 23:33:00.799  INFO 2781 --- [           main] o.s.b.t.m.w.SpringBootMockServletContext : Initializing Spring FrameworkServlet ''
2017-07-15 23:33:00.799  INFO 2781 --- [           main] o.s.t.web.servlet.TestDispatcherServlet  : FrameworkServlet '': initialization started
2017-07-15 23:33:00.813  INFO 2781 --- [           main] o.s.t.web.servlet.TestDispatcherServlet  : FrameworkServlet '': initialization completed in 14 ms
2017-07-15 23:33:00.882  INFO 2781 --- [           main] c.s.game.service.StonGameControllerTest  : Started StonGameControllerTest in 2.345 seconds (JVM running for 3.407)
2017-07-15 23:33:00.925  INFO 2781 --- [           main] com.sayraozden.game.stone.StoneGame      : Game state has been set to class com.sayraozden.game.stone.GameStateCreated
2017-07-15 23:33:00.925  INFO 2781 --- [           main] c.s.game.stone.GameStateCreated          : Add player with id '0'
2017-07-15 23:33:00.928  INFO 2781 --- [           main] c.s.game.stone.GameStateCreated          : Add player with id '1'
2017-07-15 23:33:00.929  INFO 2781 --- [           main] com.sayraozden.game.stone.StoneGame      : Game state has been set to class com.sayraozden.game.stone.GameStateWaiting
]]></system-out>
  </testcase>
  <testcase name="playStoneGameConsoleContainsDefaultValue" classname="com.sayraozden.game.service.StonGameControllerTest" time="0.08"/>
</testsuite>